<?xml version="1.0" encoding="UTF-8"?>
<testng-results ignored="0" total="0" passed="0" failed="0" skipped="0">
  <reporter-output>
  </reporter-output>
  <suite started-at="2023-10-28T22:51:30 IST" name="Command line suite" finished-at="2023-10-28T22:51:30 IST" duration-ms="16">
    <groups>
    </groups>
    <test started-at="2023-10-28T22:51:30 IST" name="Command line test" finished-at="2023-10-28T22:51:30 IST" duration-ms="16">
    </test> <!-- Command line test -->
  </suite> <!-- Command line suite -->
</testng-results>
